<?xml version="1.0" encoding="UTF-8"?>
<!-- Generated by org.testng.reporters.JUnitReportReporter -->
<testsuite hostname="LAPTOP-QEHP96FC" failures="0" tests="1" name="com.rameshsoft.businessscripts.SampleTest" time="31.403" errors="0" timestamp="31 May 2021 07:59:59 GMT">
  <testcase classname="com.rameshsoft.businessscripts.SampleTest" name="testOne" time="31.403"/>
</testsuite> <!-- com.rameshsoft.businessscripts.SampleTest -->
